number,value,datetime_start,datetime_complete,duration,params_batch_size,params_d_ff,params_d_model,params_dropout,params_e_layers,params_fc_dropout,params_head_dropout,params_learning_rate,params_n_heads,state
0,0.5098835384288569,2024-09-09 14:52:44.757362,2024-09-09 14:58:28.767542,0 days 00:05:44.010180,64,256,64,0.4,2,0.2,0.2,1.6091402617402426e-07,4,COMPLETE
1,0.5425903156852555,2024-09-09 14:58:28.782919,2024-09-09 15:12:15.751380,0 days 00:13:46.968461,32,256,16,0.3,3,0.3,0.2,4.437329256759394e-07,8,COMPLETE
2,0.6929874827875289,2024-09-09 15:12:15.763734,2024-09-09 15:30:57.537487,0 days 00:18:41.773753,32,64,128,0.4,2,0.1,0.1,3.903293103883172e-05,2,COMPLETE
3,0.5498969622596418,2024-09-09 15:30:57.549392,2024-09-09 15:56:46.896011,0 days 00:25:49.346619,64,256,16,0.3,3,0.2,0.1,2.184270988309521e-06,8,COMPLETE
4,0.5518806639935967,2024-09-09 15:56:46.909319,2024-09-09 16:09:42.455088,0 days 00:12:55.545769,16,64,64,0.5,3,0.3,0.1,4.45489348877382e-07,16,COMPLETE
5,0.5352016372236995,2024-09-09 16:09:42.467682,2024-09-09 16:16:27.718637,0 days 00:06:45.250955,64,128,128,0.5,2,0.2,0.2,1.8095714513347875e-06,4,COMPLETE
6,0.5482652152554653,2024-09-09 16:16:27.731392,2024-09-09 16:44:02.957930,0 days 00:27:35.226538,32,64,64,0.4,2,0.2,0.2,2.6805399586404343e-06,2,COMPLETE
7,0.5472257100262882,2024-09-09 16:44:02.971293,2024-09-09 17:00:44.580080,0 days 00:16:41.608787,64,256,16,0.5,3,0.1,0.0,2.944355827470382e-06,8,COMPLETE
8,0.6424818012495401,2024-09-09 17:00:44.592663,2024-09-09 17:27:47.665006,0 days 00:27:03.072343,64,256,128,0.5,4,0.1,0.2,3.993487198551215e-06,16,COMPLETE
9,0.5399860403539984,2024-09-09 17:27:47.677735,2024-09-09 17:44:20.513096,0 days 00:16:32.835361,16,128,16,0.3,3,0.1,0.1,1.3327825791255385e-06,8,COMPLETE
10,0.7213086362032798,2024-09-09 17:44:20.526302,2024-09-09 18:15:04.379347,0 days 00:30:43.853045,32,64,128,0.4,4,0.1,0.0,6.580721162036011e-05,2,COMPLETE
11,0.7084114928096443,2024-09-09 18:15:04.392234,2024-09-09 18:33:36.299277,0 days 00:18:31.907043,32,64,128,0.4,4,0.1,0.0,6.367470008949651e-05,2,COMPLETE
12,0.7278097818046635,2024-09-09 18:33:36.312036,2024-09-09 18:55:48.764768,0 days 00:22:12.452732,32,64,128,0.4,4,0.1,0.0,9.908501094206982e-05,2,COMPLETE
13,0.7016467071546979,2024-09-09 18:55:48.777585,2024-09-09 19:26:42.409693,0 days 00:30:53.632108,32,64,128,0.4,4,0.1,0.0,1.8349108407189763e-05,2,COMPLETE
14,0.6870528550890117,2024-09-09 19:26:42.422878,2024-09-09 19:57:36.411730,0 days 00:30:53.988852,32,64,128,0.4,4,0.1,0.0,1.3067675394795354e-05,2,COMPLETE
15,0.7294974811943084,2024-09-09 19:57:36.423839,2024-09-09 20:10:42.386013,0 days 00:13:05.962174,32,64,128,0.3,4,0.2,0.0,8.367536396452989e-05,2,COMPLETE
16,0.7014336850430738,2024-09-09 20:10:42.398804,2024-09-09 20:49:55.127065,0 days 00:39:12.728261,16,128,128,0.3,4,0.3,0.0,1.6395874196366952e-05,2,COMPLETE
17,0.7348946340713991,2024-09-09 20:49:55.140168,2024-09-09 21:21:08.491781,0 days 00:31:13.351613,32,64,128,0.3,4,0.2,0.0,8.95941645233439e-05,2,COMPLETE
18,0.7429134881286108,2024-09-09 21:21:08.504817,2024-09-09 21:52:24.885408,0 days 00:31:16.380591,32,64,128,0.3,4,0.2,0.1,3.123801562927322e-05,4,COMPLETE
19,0.5524541759446469,2024-09-09 21:52:24.898270,2024-09-09 22:22:19.206497,0 days 00:29:54.308227,32,64,64,0.3,3,0.2,0.1,8.489903678139351e-06,4,COMPLETE
20,0.7648126827935984,2024-09-09 22:22:19.219164,2024-09-09 23:01:56.812942,0 days 00:39:37.593778,16,128,128,0.3,4,0.3,0.1,3.3915180943186225e-05,4,COMPLETE
21,0.7631664735202965,2024-09-09 23:01:56.825854,2024-09-09 23:41:40.129405,0 days 00:39:43.303551,16,128,128,0.3,4,0.3,0.1,2.887141668025436e-05,4,COMPLETE
22,0.7677735360390263,2024-09-09 23:41:40.141669,2024-09-10 00:21:21.779564,0 days 00:39:41.637895,16,128,128,0.3,4,0.3,0.1,3.349049200074358e-05,4,COMPLETE
23,0.6892779107568936,2024-09-10 00:21:21.791825,2024-09-10 01:01:17.454531,0 days 00:39:55.662706,16,128,128,0.3,4,0.3,0.1,6.552139437704164e-06,4,COMPLETE
24,0.7630329938888615,2024-09-10 01:01:17.467615,2024-09-10 01:41:12.915104,0 days 00:39:55.447489,16,128,128,0.3,4,0.3,0.1,2.9638905856553356e-05,4,COMPLETE
25,0.7254993750403047,2024-09-10 01:41:12.927578,2024-09-10 02:12:30.457409,0 days 00:31:17.529831,16,128,128,0.3,3,0.3,0.1,3.647303053988596e-05,4,COMPLETE
26,0.7151352625210059,2024-09-10 02:12:30.470363,2024-09-10 02:52:46.116726,0 days 00:40:15.646363,16,128,128,0.3,4,0.3,0.1,9.24654995465907e-06,4,COMPLETE
27,0.7465342713102721,2024-09-10 02:52:46.129813,2024-09-10 03:33:02.819808,0 days 00:40:16.689995,16,128,128,0.3,4,0.3,0.1,2.1402911874643167e-05,4,COMPLETE
28,0.540486766786664,2024-09-10 03:33:02.832962,2024-09-10 03:43:36.704653,0 days 00:10:33.871691,16,128,16,0.3,3,0.3,0.1,4.913147980584923e-06,4,COMPLETE
29,0.7516542702101914,2024-09-10 03:43:36.717887,2024-09-10 04:23:52.497894,0 days 00:40:15.780007,16,128,64,0.3,4,0.3,0.2,4.852813329249062e-05,4,COMPLETE
30,0.7117508544593103,2024-09-10 04:23:52.510422,2024-09-10 05:04:14.932479,0 days 00:40:22.422057,16,128,64,0.3,4,0.3,0.1,1.1398841806297263e-05,16,COMPLETE
31,0.7587992238740294,2024-09-10 05:04:14.945582,2024-09-10 05:44:45.939850,0 days 00:40:30.994268,16,128,128,0.3,4,0.3,0.1,2.372069261957043e-05,4,COMPLETE
32,0.7654366941433974,2024-09-10 05:44:45.952627,2024-09-10 06:25:17.247332,0 days 00:40:31.294705,16,128,128,0.3,4,0.3,0.1,2.677102326923544e-05,4,COMPLETE
33,0.7722658487502703,2024-09-10 06:25:17.259753,2024-09-10 07:05:55.721664,0 days 00:40:38.461911,16,128,128,0.3,4,0.3,0.1,4.778547275847806e-05,4,COMPLETE
34,0.7249617816756886,2024-09-10 07:05:55.735060,2024-09-10 07:28:47.458875,0 days 00:22:51.723815,16,128,128,0.3,3,0.3,0.1,4.995027340915396e-05,4,COMPLETE
35,0.7360714123140768,2024-09-10 07:28:47.473011,2024-09-10 08:06:09.816875,0 days 00:37:22.343864,16,128,16,0.3,4,0.3,0.1,5.123150895178899e-05,4,COMPLETE
36,0.5634887687440491,2024-09-10 08:06:09.830115,2024-09-10 08:16:12.561430,0 days 00:10:02.731315,16,256,128,0.3,3,0.3,0.2,6.795282541015967e-07,4,COMPLETE
37,0.7282039379099224,2024-09-10 08:16:12.574721,2024-09-10 08:57:05.983168,0 days 00:40:53.408447,16,128,128,0.4,4,0.3,0.1,1.4531060750404141e-05,16,COMPLETE
38,0.6226115918169162,2024-09-10 08:57:05.995584,2024-09-10 09:18:39.963627,0 days 00:21:33.968043,64,128,64,0.3,2,0.3,0.1,3.812650079360034e-05,8,COMPLETE
39,0.6563154358406323,2024-09-10 09:18:39.976823,2024-09-10 09:59:35.502181,0 days 00:40:55.525358,16,256,16,0.4,4,0.3,0.2,6.14751006385837e-06,4,COMPLETE
40,0.5465240528873327,2024-09-10 09:59:35.514829,2024-09-10 10:13:48.262767,0 days 00:14:12.747938,64,128,128,0.3,3,0.2,0.1,2.0186303957660825e-05,4,COMPLETE
41,0.6200375449989947,2024-09-10 10:13:48.276067,2024-09-10 10:54:58.821403,0 days 00:41:10.545336,16,128,128,0.3,4,0.3,0.1,1.1211225113665786e-07,4,COMPLETE
42,0.7600393041799276,2024-09-10 10:54:58.834633,2024-09-10 11:36:10.760662,0 days 00:41:11.926029,16,128,128,0.3,4,0.3,0.1,2.7221187985925704e-05,4,COMPLETE
43,0.7751500045520585,2024-09-10 11:36:10.774259,2024-09-10 12:17:33.059719,0 days 00:41:22.285460,16,128,128,0.3,4,0.3,0.1,6.0490444498605626e-05,4,COMPLETE
44,0.7736480623404409,2024-09-10 12:17:33.072702,2024-09-10 12:59:02.617652,0 days 00:41:29.544950,16,128,128,0.3,4,0.3,0.1,6.30073631010034e-05,8,COMPLETE
45,0.7753681240208332,2024-09-10 12:59:02.630317,2024-09-10 13:40:42.454052,0 days 00:41:39.823735,16,128,128,0.3,4,0.3,0.1,6.990068871496572e-05,8,COMPLETE
46,0.7512074809287717,2024-09-10 13:40:42.467090,2024-09-10 14:22:20.669803,0 days 00:41:38.202713,16,256,128,0.5,4,0.3,0.1,6.696396390388247e-05,8,COMPLETE
47,0.7371528818323553,2024-09-10 14:22:20.683488,2024-09-10 14:41:17.928004,0 days 00:18:57.244516,64,128,128,0.4,4,0.3,0.1,6.899597537556695e-05,8,COMPLETE
48,0.7255675373742969,2024-09-10 14:41:17.940833,2024-09-10 15:07:09.201355,0 days 00:25:51.260522,16,128,16,0.3,4,0.2,0.2,4.902290553382259e-05,8,COMPLETE
49,0.5480959355807857,2024-09-10 15:07:09.214021,2024-09-10 15:21:18.256933,0 days 00:14:09.042912,16,128,128,0.4,3,0.3,0.1,2.8833320266760554e-07,8,COMPLETE
50,0.6715114873092403,2024-09-10 15:21:18.270115,2024-09-10 15:35:51.258786,0 days 00:14:32.988671,16,128,128,0.3,2,0.2,0.2,9.595377953757579e-05,8,COMPLETE
51,,2024-09-10 15:35:51.271864,2024-09-10 16:14:18.086715,0 days 00:38:26.814851,16,128,128,0.3,4,0.3,0.1,6.049432610669023e-05,8,FAIL
52,0.7738476890716455,2024-09-13 18:16:46.112605,2024-09-13 18:44:41.147993,0 days 00:27:55.035388,16,128,128,0.3,4,0.3,0.1,6.377825651807044e-05,8,COMPLETE
53,0.7767719124715022,2024-09-13 18:44:41.163299,2024-09-13 19:02:42.636842,0 days 00:18:01.473543,16,128,128,0.3,4,0.3,0.1,6.378868661754854e-05,8,COMPLETE
54,0.7762371641434355,2024-09-13 19:02:42.649626,2024-09-13 19:30:49.352437,0 days 00:28:06.702811,16,128,128,0.3,4,0.3,0.1,7.273091455842474e-05,8,COMPLETE
55,0.7731842028397258,2024-09-13 19:30:49.365360,2024-09-13 19:59:09.075372,0 days 00:28:19.710012,16,128,128,0.3,4,0.3,0.1,6.67533509287804e-05,8,COMPLETE
56,0.7683610360864436,2024-09-13 19:59:09.088320,2024-09-13 20:11:41.349028,0 days 00:12:32.260708,16,256,128,0.3,4,0.3,0.1,7.937846765294198e-05,8,COMPLETE
57,0.7502534453392611,2024-09-13 20:11:41.362344,2024-09-13 20:27:44.790258,0 days 00:16:03.427914,64,128,64,0.3,4,0.3,0.1,9.983111817161036e-05,8,COMPLETE
58,0.7424331511245481,2024-09-13 20:27:44.803632,2024-09-13 20:50:25.717270,0 days 00:22:40.913638,16,128,128,0.5,4,0.3,0.1,5.9091419003411036e-05,8,COMPLETE
59,0.7688251326735378,2024-09-13 20:50:25.730066,2024-09-13 21:18:44.234527,0 days 00:28:18.504461,16,128,128,0.3,4,0.3,0.1,4.0039225389993176e-05,8,COMPLETE
60,0.6461152685524834,2024-09-13 21:18:44.247611,2024-09-13 21:47:08.381508,0 days 00:28:24.133897,16,128,128,0.3,4,0.3,0.1,1.308137601696691e-06,8,COMPLETE
61,0.7763707623180599,2024-09-13 21:47:08.394630,2024-09-13 22:15:42.143234,0 days 00:28:33.748604,16,128,128,0.3,4,0.3,0.1,7.913421056334916e-05,8,COMPLETE
62,0.7718307952446163,2024-09-13 22:15:42.156346,2024-09-13 22:44:20.165514,0 days 00:28:38.009168,16,128,128,0.3,4,0.3,0.1,7.381004128638517e-05,8,COMPLETE
63,0.7756222806192317,2024-09-13 22:44:20.178407,2024-09-13 23:12:55.879593,0 days 00:28:35.701186,16,128,128,0.3,4,0.3,0.1,5.778400358589e-05,8,COMPLETE
64,0.7744615057071433,2024-09-13 23:12:55.892846,2024-09-13 23:32:23.408591,0 days 00:19:27.515745,16,128,128,0.3,4,0.3,0.1,7.975244697620734e-05,8,COMPLETE
65,0.7723121991373848,2024-09-13 23:32:23.421790,2024-09-13 23:47:54.201030,0 days 00:15:30.779240,16,128,128,0.3,4,0.3,0.1,8.313480909923257e-05,8,COMPLETE
66,0.771176436838292,2024-09-13 23:47:54.214256,2024-09-14 00:16:34.851777,0 days 00:28:40.637521,16,128,128,0.3,4,0.3,0.1,4.316099161400103e-05,8,COMPLETE
67,0.7724914364399869,2024-09-14 00:16:34.864813,2024-09-14 00:37:03.085333,0 days 00:20:28.220520,32,64,128,0.3,4,0.3,0.1,9.933563837497536e-05,8,COMPLETE
68,0.7245859997648102,2024-09-14 00:37:03.099296,2024-09-14 00:54:49.874441,0 days 00:17:46.775145,16,128,16,0.3,4,0.3,0.1,5.661220484295378e-05,16,COMPLETE
69,0.7189255624637257,2024-09-14 00:54:49.887729,2024-09-14 01:15:39.329507,0 days 00:20:49.441778,16,128,128,0.3,4,0.3,0.0,3.761019127387895e-05,8,COMPLETE
70,0.7663244640899486,2024-09-14 01:15:39.342782,2024-09-14 01:59:02.440726,0 days 00:43:23.097944,16,128,64,0.3,4,0.2,0.1,8.314344834027783e-05,8,COMPLETE
71,0.7407215060106138,2024-09-14 01:59:02.453941,2024-09-14 02:45:20.070358,0 days 00:46:17.616417,16,256,128,0.4,4,0.3,0.1,2.435973552296236e-05,8,COMPLETE
72,0.7675085920103787,2024-09-14 02:45:20.083714,2024-09-14 03:17:39.909465,0 days 00:32:19.825751,16,128,128,0.3,4,0.3,0.1,5.62050067051225e-05,8,COMPLETE
73,0.7769037324982835,2024-09-14 03:17:39.922777,2024-09-14 03:46:36.810312,0 days 00:28:56.887535,16,128,128,0.3,4,0.3,0.1,7.207084841252641e-05,8,COMPLETE
74,0.7782910434456048,2024-09-14 03:46:36.823793,2024-09-14 04:15:36.353063,0 days 00:28:59.529270,16,128,128,0.3,4,0.3,0.1,7.74679935066425e-05,8,COMPLETE
75,0.7713268681458327,2024-09-14 04:15:36.366426,2024-09-14 04:44:41.076789,0 days 00:29:04.710363,16,128,128,0.3,4,0.3,0.1,4.389751251117741e-05,8,COMPLETE
76,0.7638865048536324,2024-09-14 04:44:41.090268,2024-09-14 05:13:45.947526,0 days 00:29:04.857258,16,128,128,0.3,4,0.3,0.1,3.276040654042744e-05,8,COMPLETE
77,0.7713830576176802,2024-09-14 05:13:45.961022,2024-09-14 05:34:33.321697,0 days 00:20:47.360675,32,128,128,0.3,4,0.3,0.1,7.29818558631408e-05,2,COMPLETE
78,0.6430012575061548,2024-09-14 05:34:33.335756,2024-09-14 05:51:17.338954,0 days 00:16:44.003198,64,64,128,0.3,4,0.3,0.1,2.4469367787677257e-06,8,COMPLETE
79,0.7749782354703983,2024-09-14 05:51:17.353137,2024-09-14 06:20:32.024474,0 days 00:29:14.671337,16,128,128,0.3,4,0.3,0.1,5.4385784029311385e-05,16,COMPLETE
80,0.7706959812910397,2024-09-14 06:20:32.037681,2024-09-14 06:49:43.411095,0 days 00:29:11.373414,16,128,128,0.3,4,0.3,0.1,4.3889756918583475e-05,8,COMPLETE
81,0.7245708262365478,2024-09-14 06:49:43.424675,2024-09-14 07:18:43.653239,0 days 00:29:00.228564,16,128,16,0.3,4,0.3,0.1,3.3934346573182314e-05,8,COMPLETE
82,0.7758222629800051,2024-09-14 07:18:43.667218,2024-09-14 07:38:39.744303,0 days 00:19:56.077085,16,128,128,0.3,4,0.3,0.1,5.6005986356358586e-05,16,COMPLETE
83,0.7761417368758463,2024-09-14 07:38:39.757919,2024-09-14 07:54:31.996918,0 days 00:15:52.238999,16,128,128,0.3,4,0.3,0.1,7.809988704772421e-05,16,COMPLETE
84,0.7759553869818713,2024-09-14 07:54:32.010426,2024-09-14 08:15:05.509983,0 days 00:20:33.499557,16,128,128,0.3,4,0.3,0.1,8.482858397014682e-05,16,COMPLETE
85,0.7755396560161143,2024-09-14 08:15:05.523505,2024-09-14 08:30:57.422579,0 days 00:15:51.899074,16,128,128,0.3,4,0.3,0.1,8.134869422448859e-05,16,COMPLETE
86,0.7722012427119647,2024-09-14 08:30:57.436134,2024-09-14 08:52:06.231841,0 days 00:21:08.795707,16,128,128,0.3,4,0.3,0.1,5.483074356657153e-05,16,COMPLETE
87,0.7778338223635046,2024-09-14 08:52:06.245449,2024-09-14 09:11:31.154928,0 days 00:19:24.909479,16,128,128,0.3,4,0.3,0.1,9.927424051421291e-05,16,COMPLETE
88,0.7302427622270187,2024-09-14 09:11:31.168417,2024-09-14 09:29:23.603618,0 days 00:17:52.435201,16,128,64,0.3,3,0.1,0.1,8.982322090008887e-05,16,COMPLETE
89,0.7792946300883479,2024-09-14 09:29:23.617189,2024-09-14 09:49:26.686763,0 days 00:20:03.069574,16,128,128,0.3,4,0.3,0.1,9.907450813226926e-05,16,COMPLETE
90,0.7780672339037314,2024-09-14 09:49:26.700403,2024-09-14 10:14:13.287461,0 days 00:24:46.587058,16,256,128,0.3,4,0.3,0.1,9.992124293936911e-05,16,COMPLETE
91,0.7773834767863985,2024-09-14 10:14:13.301218,2024-09-14 10:35:20.752949,0 days 00:21:07.451731,32,256,128,0.3,4,0.3,0.1,9.980894123939533e-05,16,COMPLETE
92,0.7798826043085234,2024-09-14 10:35:20.767376,2024-09-14 10:54:45.391191,0 days 00:19:24.623815,32,256,128,0.3,4,0.3,0.1,9.807726271406088e-05,16,COMPLETE
93,0.7795838754708535,2024-09-14 10:54:45.404451,2024-09-14 11:15:52.439606,0 days 00:21:07.035155,32,256,128,0.3,4,0.3,0.1,9.42806524365864e-05,16,COMPLETE
94,0.7789740893038006,2024-09-14 11:15:52.453846,2024-09-14 11:37:01.280665,0 days 00:21:08.826819,32,256,128,0.3,4,0.3,0.1,9.368859584313721e-05,16,COMPLETE
95,0.7785719908048419,2024-09-14 11:37:01.295008,2024-09-14 11:58:10.973836,0 days 00:21:09.678828,32,256,128,0.3,4,0.3,0.1,9.483673339737308e-05,16,COMPLETE
96,0.7766613116756507,2024-09-14 11:58:10.987407,2024-09-14 12:19:22.294520,0 days 00:21:11.307113,32,256,128,0.3,4,0.3,0.1,9.607679737286399e-05,16,COMPLETE
97,0.7779873357939737,2024-09-14 12:19:22.308765,2024-09-14 12:37:12.701357,0 days 00:17:50.392592,32,256,128,0.3,4,0.3,0.1,9.97707992724691e-05,16,COMPLETE
98,0.706306284306399,2024-09-14 12:37:12.715402,2024-09-14 12:52:52.539329,0 days 00:15:39.823927,32,256,128,0.3,2,0.3,0.1,9.828895183886984e-05,16,COMPLETE
99,0.7758518987773929,2024-09-14 12:52:52.553455,2024-09-14 13:05:40.955453,0 days 00:12:48.401998,32,256,128,0.3,4,0.3,0.1,8.766372241202582e-05,16,COMPLETE
100,0.7787602373898497,2024-09-14 13:05:40.969648,2024-09-14 13:25:15.136693,0 days 00:19:34.167045,32,256,128,0.3,4,0.3,0.1,9.764218974878348e-05,16,COMPLETE
101,0.7285750966364081,2024-09-14 13:25:15.151168,2024-09-14 13:37:06.498361,0 days 00:11:51.347193,32,256,16,0.3,4,0.3,0.1,4.770199829440478e-05,16,COMPLETE
102,0.7800670575114655,2024-09-14 13:37:06.512745,2024-09-14 13:56:41.403491,0 days 00:19:34.890746,32,256,128,0.3,4,0.3,0.1,9.804745135887926e-05,16,COMPLETE
103,0.7757776907407338,2024-09-14 13:56:41.417710,2024-09-14 14:17:55.102212,0 days 00:21:13.684502,32,256,128,0.3,4,0.3,0.1,6.674487387976549e-05,16,COMPLETE
104,0.7789951899915407,2024-09-14 14:17:55.116457,2024-09-14 14:36:41.024242,0 days 00:18:45.907785,32,256,128,0.3,4,0.3,0.1,8.394811483571363e-05,16,COMPLETE
105,0.7750742554539349,2024-09-14 14:36:41.037814,2024-09-14 14:58:00.984396,0 days 00:21:19.946582,32,256,128,0.3,4,0.3,0.1,8.651363968627265e-05,16,COMPLETE
106,0.776542294313341,2024-09-14 14:58:00.998913,2024-09-14 15:19:19.133907,0 days 00:21:18.134994,32,256,128,0.3,4,0.3,0.1,7.277671203603184e-05,16,COMPLETE
107,0.7729660833709511,2024-09-14 15:19:19.147501,2024-09-14 15:37:39.578636,0 days 00:18:20.431135,32,256,128,0.3,4,0.3,0.1,6.324435111345536e-05,16,COMPLETE
108,0.7423231430446443,2024-09-14 15:37:39.593381,2024-09-14 15:59:01.075761,0 days 00:21:21.482380,32,256,128,0.5,4,0.3,0.1,8.506624624404328e-05,16,COMPLETE
109,0.7477867986510734,2024-09-14 15:59:01.090277,2024-09-14 16:20:21.574963,0 days 00:21:20.484686,32,256,64,0.3,4,0.3,0.1,4.9309144112124935e-05,16,COMPLETE
110,0.7758044815015723,2024-09-14 16:20:21.589483,2024-09-14 16:41:45.605848,0 days 00:21:24.016365,32,256,128,0.3,4,0.3,0.1,7.353784966608552e-05,16,COMPLETE
111,0.6380837303739895,2024-09-14 16:41:45.619532,2024-09-14 17:03:08.870981,0 days 00:21:23.251449,32,256,128,0.3,4,0.3,0.1,6.12385658247212e-07,16,COMPLETE
112,0.77814428697694,2024-09-14 17:03:08.884852,2024-09-14 17:24:33.522048,0 days 00:21:24.637196,32,256,128,0.3,4,0.3,0.1,9.05305531763855e-05,16,COMPLETE
113,0.6480621033544878,2024-09-14 17:24:33.536328,2024-09-14 17:45:53.970539,0 days 00:21:20.434211,32,256,128,0.3,4,0.3,0.1,1.8107647424412246e-06,16,COMPLETE
114,0.7777233401108425,2024-09-14 17:45:53.985402,2024-09-14 18:05:39.055340,0 days 00:19:45.069938,32,256,128,0.3,4,0.3,0.1,9.086414231782283e-05,16,COMPLETE
115,0.7743501936521544,2024-09-14 18:05:39.070166,2024-09-14 18:27:06.107218,0 days 00:21:27.037052,32,256,128,0.3,4,0.3,0.1,6.697125712150534e-05,16,COMPLETE
116,0.7731112987781517,2024-09-14 18:27:06.121805,2024-09-14 18:48:35.367620,0 days 00:21:29.245815,32,256,128,0.3,4,0.3,0.1,7.820723403869423e-05,16,COMPLETE
117,0.6589546814128072,2024-09-14 18:48:35.382222,2024-09-14 19:10:03.818356,0 days 00:21:28.436134,32,256,128,0.3,4,0.3,0.1,3.2503941338871887e-06,16,COMPLETE
118,0.7721688804212172,2024-09-14 19:10:03.833242,2024-09-14 19:29:28.165310,0 days 00:19:24.332068,32,256,128,0.3,4,0.3,0.1,6.184564950369986e-05,16,COMPLETE
119,0.7737184769950345,2024-09-14 19:29:28.180113,2024-09-14 19:40:17.888767,0 days 00:10:49.708654,32,256,128,0.3,4,0.3,0.1,9.907999887443296e-05,16,COMPLETE
120,0.7791265358455637,2024-09-14 19:40:17.903769,2024-09-14 20:01:49.339102,0 days 00:21:31.435333,32,256,128,0.3,4,0.3,0.1,8.511005568010982e-05,16,COMPLETE
121,0.7742817942317831,2024-09-14 20:01:49.353287,2024-09-14 20:23:22.656616,0 days 00:21:33.303329,32,256,128,0.3,4,0.3,0.1,7.887083343329605e-05,16,COMPLETE
122,0.7780250325282512,2024-09-14 20:23:22.670425,2024-09-14 20:44:52.702139,0 days 00:21:30.031714,32,256,128,0.3,4,0.3,0.1,8.851026817842175e-05,16,COMPLETE
123,0.7812660033305895,2024-09-14 20:44:52.716375,2024-09-14 21:06:26.891279,0 days 00:21:34.174904,32,256,128,0.3,4,0.3,0.1,8.599014464719942e-05,16,COMPLETE
124,0.7739779680369627,2024-09-14 21:06:26.905242,2024-09-14 21:28:02.598715,0 days 00:21:35.693473,32,256,128,0.3,4,0.3,0.1,7.050187350104338e-05,16,COMPLETE
125,0.7706431110284997,2024-09-14 21:28:02.612662,2024-09-14 21:49:40.668243,0 days 00:21:38.055581,32,256,128,0.3,4,0.3,0.1,6.337383099180207e-05,2,COMPLETE
126,0.7687701286335858,2024-09-14 21:49:40.682334,2024-09-14 22:11:19.664806,0 days 00:21:38.982472,32,256,128,0.3,4,0.2,0.1,5.150199096822099e-05,16,COMPLETE
127,0.7339694044769495,2024-09-14 22:11:19.679080,2024-09-14 22:20:27.161017,0 days 00:09:07.481937,32,256,16,0.3,4,0.3,0.1,8.182972139158116e-05,16,COMPLETE
128,0.7700592858199585,2024-09-14 22:20:27.176058,2024-09-14 22:42:08.064656,0 days 00:21:40.888598,32,256,128,0.3,4,0.3,0.1,7.260854837835578e-05,16,COMPLETE
129,0.7588005278491146,2024-09-14 22:42:08.079777,2024-09-14 23:03:48.693314,0 days 00:21:40.613537,32,256,128,0.3,4,0.3,0.1,4.0745683951049385e-05,16,COMPLETE
130,0.7798188280725447,2024-09-14 23:03:48.707407,2024-09-14 23:25:28.511959,0 days 00:21:39.804552,32,256,128,0.3,4,0.3,0.1,8.748751918511748e-05,16,COMPLETE
131,0.7562497154963452,2024-09-14 23:25:28.526390,2024-09-14 23:47:08.173249,0 days 00:21:39.646859,32,256,64,0.3,4,0.3,0.1,5.846580680322996e-05,16,COMPLETE
132,0.7781286392759194,2024-09-14 23:47:08.187648,2024-09-15 00:08:44.843086,0 days 00:21:36.655438,32,256,128,0.3,4,0.3,0.1,8.349332548287452e-05,16,COMPLETE
133,0.6285503685270677,2024-09-15 00:08:44.857405,2024-09-15 00:30:27.840946,0 days 00:21:42.983541,32,256,128,0.3,4,0.3,0.1,2.4357321544798304e-07,16,COMPLETE
134,0.7781349220649656,2024-09-15 00:30:27.855482,2024-09-15 00:50:29.907306,0 days 00:20:02.051824,32,256,128,0.3,4,0.3,0.1,8.62201533554159e-05,16,COMPLETE
135,0.7772453739705709,2024-09-15 00:50:29.922541,2024-09-15 01:12:19.265652,0 days 00:21:49.343111,32,256,128,0.3,4,0.3,0.1,8.769878122087103e-05,16,COMPLETE
136,0.7216145961755123,2024-09-15 01:12:19.280652,2024-09-15 01:27:17.588798,0 days 00:14:58.308146,32,256,128,0.3,3,0.3,0.1,7.071161868094242e-05,16,COMPLETE
